{"level":"info","message":"Processando cartão final 5678","timestamp":"2026-01-04T20:32:12.434Z"}
{"level":"info","message":"Ethereal Mail configurado: cnjq7duxvpo3hidt@ethereal.email","timestamp":"2026-01-04T20:32:13.807Z"}
{"level":"info","message":"Email enviado: https://ethereal.email/message/aVrOizKY-EBa.ppMaVrOj6PtGIlBAm.ZAAAAAdyMk8W8X4MU0AjqdqBToxI","timestamp":"2026-01-04T20:32:17.748Z"}
{"level":"info","message":"Processando cartão final 5678","timestamp":"2026-01-04T20:33:51.141Z"}
{"level":"info","message":"Email enviado: https://ethereal.email/message/aVrOizKY-EBa.ppMaVrO8aPtGIlBAnACAAAAAufRzYw.em7m4hNC0gC8Vg0","timestamp":"2026-01-04T20:33:55.139Z"}
{"level":"error","message":"Erro: Unknown product type","timestamp":"2026-01-04T21:02:34.378Z"}
{"level":"error","message":"Erro: Unknown product type","timestamp":"2026-01-04T21:06:09.379Z"}
{"level":"error","message":"Erro: Unknown product type","timestamp":"2026-01-04T21:08:13.681Z"}
{"level":"error","message":"Erro: Tipo de produto desconhecido: \"undefined\" para o ID: undefined","timestamp":"2026-01-04T21:09:08.233Z"}
{"level":"error","message":"Erro: \nInvalid `this.prisma.order.create()` invocation in\nC:\\Users\\pedro\\OneDrive\\Documentos\\trabalho1\\ecommerce-versao-com-erros-solid\\src\\repositories\\PrismaOrderRepository.ts:10:34\n\n   7 \n   8 async save(data: any): Promise<any>\n   9 {\n→ 10     return this.prisma.order.create({\n           data: {\n             customer: \"abacaxi123@ethereal.email\",\n             items: \"[{\\\"id\\\":\\\"1\\\",\\\"price\\\":\\\"O Programador Pragmático (Livro Físico)\\\",\\\"weight\\\":100,\\\"quantity\\\":1}]\",\n             status: \"confirmed\",\n         +   total: Float\n           }\n         })\n\nArgument `total` is missing.","timestamp":"2026-01-04T21:11:42.756Z"}
{"level":"error","message":"Erro: \nInvalid `this.prisma.order.create()` invocation in\nC:\\Users\\pedro\\OneDrive\\Documentos\\trabalho1\\ecommerce-versao-com-erros-solid\\src\\repositories\\PrismaOrderRepository.ts:10:34\n\n   7 \n   8 async save(data: any): Promise<any>\n   9 {\n→ 10     return this.prisma.order.create({\n           data: {\n             customer: \"abacaxi123@ethereal.email\",\n             items: \"[{\\\"id\\\":\\\"1\\\",\\\"price\\\":\\\"O Programador Pragmático (Livro Físico)\\\",\\\"weight\\\":100,\\\"quantity\\\":1}]\",\n             status: \"confirmed\",\n         +   total: Float\n           }\n         })\n\nArgument `total` is missing.","timestamp":"2026-01-04T21:14:05.539Z"}
{"level":"error","message":"Erro: \nInvalid `this.prisma.order.create()` invocation in\nC:\\Users\\pedro\\OneDrive\\Documentos\\trabalho1\\ecommerce-versao-com-erros-solid\\src\\repositories\\PrismaOrderRepository.ts:10:34\n\n   7 \n   8 async save(data: any): Promise<any>\n   9 {\n→ 10     return this.prisma.order.create({\n           data: {\n             customer: \"abacaxi123@ethereal.email\",\n             items: \"[{\\\"id\\\":\\\"1\\\",\\\"price\\\":\\\"O Programador Pragmático (Livro Físico)\\\",\\\"weight\\\":100,\\\"quantity\\\":1}]\",\n             status: \"confirmed\",\n         +   total: Float\n           }\n         })\n\nArgument `total` is missing.","timestamp":"2026-01-04T21:15:56.685Z"}
{"level":"error","message":"Erro: \nInvalid `this.prisma.order.create()` invocation in\nC:\\Users\\pedro\\OneDrive\\Documentos\\trabalho1\\ecommerce-versao-com-erros-solid\\src\\repositories\\PrismaOrderRepository.ts:15:34\n\n  12 \n  13 async save(data: any): Promise<any>\n  14 {\n→ 15     return this.prisma.order.create({\n           data: {\n             customer: \"abacaxi123@ethereal.email\",\n             items: \"\\\"[{\\\\\\\"id\\\\\\\":\\\\\\\"1\\\\\\\",\\\\\\\"price\\\\\\\":\\\\\\\"O Programador Pragmático (Livro Físico)\\\\\\\",\\\\\\\"quantity\\\\\\\":1}]\\\"\",\n             status: \"confirmed\",\n         +   total: Float\n           }\n         })\n\nArgument `total` is missing.","timestamp":"2026-01-04T21:20:17.705Z"}
{"level":"error","message":"Erro: \nInvalid `this.prisma.order.create()` invocation in\nC:\\Users\\pedro\\OneDrive\\Documentos\\trabalho1\\ecommerce-versao-com-erros-solid\\src\\repositories\\PrismaOrderRepository.ts:15:34\n\n  12 \n  13 async save(data: any): Promise<any>\n  14 {\n→ 15     return this.prisma.order.create({\n           data: {\n             customer: \"abacaxi123@ethereal.email\",\n             items: \"\\\"[{\\\\\\\"id\\\\\\\":\\\\\\\"1\\\\\\\",\\\\\\\"price\\\\\\\":\\\\\\\"O Programador Pragmático (Livro Físico)\\\\\\\",\\\\\\\"quantity\\\\\\\":1}]\\\"\",\n             status: \"confirmed\",\n         +   total: Float\n           }\n         })\n\nArgument `total` is missing.","timestamp":"2026-01-04T21:20:37.552Z"}
{"level":"error","message":"Erro: \nInvalid `this.prisma.order.create()` invocation in\nC:\\Users\\pedro\\OneDrive\\Documentos\\trabalho1\\ecommerce-versao-com-erros-solid\\src\\repositories\\PrismaOrderRepository.ts:15:34\n\n  12 \n  13 async save(data: any): Promise<any>\n  14 {\n→ 15     return this.prisma.order.create({\n           data: {\n             customer: \"abacaxi123@ethereal.email\",\n             items: \"\\\"[{\\\\\\\"id\\\\\\\":\\\\\\\"1\\\\\\\",\\\\\\\"price\\\\\\\":\\\\\\\"O Programador Pragmático (Livro Físico)\\\\\\\",\\\\\\\"quantity\\\\\\\":1}]\\\"\",\n             status: \"confirmed\",\n         +   total: Float\n           }\n         })\n\nArgument `total` is missing.","timestamp":"2026-01-04T21:20:58.895Z"}
{"level":"info","message":"Processando cartão final 5678","timestamp":"2026-01-05T01:29:50.492Z"}
{"level":"info","message":"Ethereal Mail configurado: osntk25ml3fjw4u6@ethereal.email","timestamp":"2026-01-05T01:29:51.972Z"}
{"level":"info","message":"Email enviado: https://ethereal.email/message/aVsUTTKY-EBaAjYbaVsUUU.zpT4HjfVWAAAAAQH0cmlMkhRINK8RDHMG8Dw","timestamp":"2026-01-05T01:29:56.115Z"}
{"level":"info","message":"Ethereal Mail configurado: nac5lq3xt6n7je2x@ethereal.email","timestamp":"2026-01-05T01:56:33.575Z"}
{"level":"info","message":"Ethereal Mail configurado: gpjfo5lx5qp4p6z7@ethereal.email","timestamp":"2026-01-05T01:59:29.676Z"}
{"level":"info","message":"Ethereal Mail configurado: pj23p5fwnp7pvssr@ethereal.email","timestamp":"2026-01-05T02:30:57.455Z"}
